***************************************************************************************************
Started processing at [06/15/2023 16:38:46].
***************************************************************************************************

Running script version [1.0].

***************************************************************************************************

[06/15/2023 16:38:46] Export Folder: [D:\Code\Repos\US-Mass-Shootings\Export\] already exists
[06/15/2023 16:38:48] Mother Jones CSV copied to: [D:\Code\Repos\US-Mass-Shootings\Export\]
[06/15/2023 16:38:48] Mother Jones CSV imported from: [D:\Code\Repos\US-Mass-Shootings\Export\\Mother Jones - Mass Shootings Database 1982-2023.csv]
[06/15/2023 16:38:48] Starting column data correction loop
[06/15/2023 16:38:49] Record Update 1
[06/15/2023 16:38:49] Record Update 2
[06/15/2023 16:38:49] Record Update 3
[06/15/2023 16:38:49] Record Update 4
[06/15/2023 16:38:49] Record Update 5
[06/15/2023 16:38:49] Record Update 6
[06/15/2023 16:38:49] Record Update 7
[06/15/2023 16:38:49] Record Update 8
[06/15/2023 16:38:49] Record Update 9
[06/15/2023 16:38:49] Record Update 10
[06/15/2023 16:38:49] Record Update 11
[06/15/2023 16:38:49] Record Update 12
[06/15/2023 16:38:49] Record Update 13
[06/15/2023 16:38:49] Record Update 14
[06/15/2023 16:38:49] Record Updated 15
[06/15/2023 16:38:49] Record Updated 16
[06/15/2023 16:38:49] Record Updated 17
[06/15/2023 16:38:49] Record Updated 18
[06/15/2023 16:38:49] Record Updated 19
[06/15/2023 16:38:49] Record Updated 20
[06/15/2023 16:38:49] Record Updated 21
[06/15/2023 16:38:49] Record Updated 22
[06/15/2023 16:38:49] Record Updated 23
[06/15/2023 16:38:49] Record Updated 24
[06/15/2023 16:38:49] Record Updated 25
[06/15/2023 16:38:49] Record Updated 26
[06/15/2023 16:38:49] Record Updated 27
[06/15/2023 16:38:49] Record Updated 28
[06/15/2023 16:38:49] Record Updated 29
[06/15/2023 16:38:49] Record Updated 30
[06/15/2023 16:38:49] Record Updated 31
[06/15/2023 16:38:49] Record Updated 32
[06/15/2023 16:38:49] Record Updated 33
[06/15/2023 16:38:49] Record Updated 34
[06/15/2023 16:38:49] Record Updated 35
[06/15/2023 16:38:49] Record Updated 36
[06/15/2023 16:38:49] Record Updated 37
[06/15/2023 16:38:49] Record Updated 38
[06/15/2023 16:38:49] Record Updated 39
[06/15/2023 16:38:49] Record Updated 40
[06/15/2023 16:38:49] Record Updated 41
[06/15/2023 16:38:49] Record Updated 42
[06/15/2023 16:38:49] Record Updated 43
[06/15/2023 16:38:49] Record Updated 44
[06/15/2023 16:38:49] Record Updated 45
[06/15/2023 16:38:49] Record Updated 46
[06/15/2023 16:38:49] Record Updated 47
[06/15/2023 16:38:49] Record Updated 48
[06/15/2023 16:38:49] Record Updated 49
[06/15/2023 16:38:49] Record Updated 50
[06/15/2023 16:38:49] Record Updated 51
[06/15/2023 16:38:49] Record Updated 52
[06/15/2023 16:38:49] Record Updated 53
[06/15/2023 16:38:49] Record Updated 54
[06/15/2023 16:38:49] Record Updated 55
[06/15/2023 16:38:49] Record Updated 56
[06/15/2023 16:38:49] Record Updated 57
[06/15/2023 16:38:49] Record Updated 58
[06/15/2023 16:38:49] Record Updated 59
[06/15/2023 16:38:49] Record Updated 60
[06/15/2023 16:38:49] Record Updated 61
[06/15/2023 16:38:49] Record Updated 62
[06/15/2023 16:38:49] Record Updated 63
[06/15/2023 16:38:49] Record Updated 64
[06/15/2023 16:38:49] Record Updated 65
[06/15/2023 16:38:49] Record Updated 66
[06/15/2023 16:38:49] Record Updated 67
[06/15/2023 16:38:49] Record Updated 68
[06/15/2023 16:38:49] Record Updated 69
[06/15/2023 16:38:49] Record Updated 70
[06/15/2023 16:38:49] Record Updated 71
[06/15/2023 16:38:49] Record Updated 72
[06/15/2023 16:38:49] Record Updated 73
[06/15/2023 16:38:49] Record Updated 74
[06/15/2023 16:38:49] Record Updated 75
[06/15/2023 16:38:49] Record Updated 76
[06/15/2023 16:38:49] Record Updated 77
[06/15/2023 16:38:49] Record Updated 78
[06/15/2023 16:38:49] Record Updated 79
[06/15/2023 16:38:49] Record Updated 80
[06/15/2023 16:38:49] Record Updated 81
[06/15/2023 16:38:49] Record Updated 82
[06/15/2023 16:38:49] Record Updated 83
[06/15/2023 16:38:49] Record Updated 84
[06/15/2023 16:38:49] Record Updated 85
[06/15/2023 16:38:49] Record Updated 86
[06/15/2023 16:38:49] Record Updated 87
[06/15/2023 16:38:49] Record Updated 88
[06/15/2023 16:38:49] Record Updated 89
[06/15/2023 16:38:49] Record Updated 90
[06/15/2023 16:38:49] Record Updated 91
[06/15/2023 16:38:49] Record Updated 92
[06/15/2023 16:38:49] Record Updated 93
[06/15/2023 16:38:49] Record Updated 94
[06/15/2023 16:38:49] Record Updated 95
[06/15/2023 16:38:49] Record Updated 96
[06/15/2023 16:38:49] Record Updated 97
[06/15/2023 16:38:49] Record Updated 98
[06/15/2023 16:38:49] Record Updated 99
[06/15/2023 16:38:49] Record Updated 100
[06/15/2023 16:38:49] Record Updated 101
[06/15/2023 16:38:49] Record Updated 102
[06/15/2023 16:38:49] Record Updated 103
[06/15/2023 16:38:49] Record Updated 104
[06/15/2023 16:38:49] Record Updated 105
[06/15/2023 16:38:49] Record Updated 106
[06/15/2023 16:38:49] Record Updated 107
[06/15/2023 16:38:49] Record Updated 108
[06/15/2023 16:38:49] Record Updated 109
[06/15/2023 16:38:49] Record Updated 110
[06/15/2023 16:38:49] Record Updated 111
[06/15/2023 16:38:49] Record Updated 112
[06/15/2023 16:38:49] Record Updated 113
[06/15/2023 16:38:49] Record Updated 114
[06/15/2023 16:38:49] Record Updated 115
[06/15/2023 16:38:49] Record Updated 116
[06/15/2023 16:38:49] Record Updated 117
[06/15/2023 16:38:49] Record Updated 118
[06/15/2023 16:38:49] Record Updated 119
[06/15/2023 16:38:49] Record Updated 120
[06/15/2023 16:38:49] Record Updated 121
[06/15/2023 16:38:49] Record Updated 122
[06/15/2023 16:38:49] Record Updated 123
[06/15/2023 16:38:49] Record Updated 124
[06/15/2023 16:38:49] Record Updated 125
[06/15/2023 16:38:49] Exporting clean CH Edition dataset for data.world [D:\Code\Repos\US-Mass-Shootings\Export\\Codeholics - Mass Shootings Database 1982-2023.csv]
[06/15/2023 16:38:49] SQLite DB Created [D:\Code\Repos\US-Mass-Shootings\Resources\System.Data.SQLite.dll]
[06/15/2023 16:38:49] Connected to SQLite DB [D:\Code\Repos\US-Mass-Shootings\Export\\MassShooterDatabase.sqlite]
[06/15/2023 16:38:49] Importing CH Edition [D:\Code\Repos\US-Mass-Shootings\Export\\Codeholics - Mass Shootings Database 1982-2023.csv]
[06/15/2023 16:38:49] Inserting CH Edition [D:\Code\Repos\US-Mass-Shootings\Export\\Codeholics - Mass Shootings Database 1982-2023.csv] into SQLite DB [D:\Code\Repos\US-Mass-Shootings\Export\\MassShooterDatabase.sqlite]
[06/15/2023 16:38:58] Importing MJ Edition [D:\Code\Repos\US-Mass-Shootings\Export\\Mother Jones - Mass Shootings Database 1982-2023.csv]
[06/15/2023 16:38:58] Inserting MJ Edition [D:\Code\Repos\US-Mass-Shootings\Export\\Mother Jones - Mass Shootings Database 1982-2023.csv] into SQLite DB [D:\Code\Repos\US-Mass-Shootings\Export\\MassShooterDatabase.sqlite]
[06/15/2023 16:39:08] Exported WebView [D:\Code\Repos\US-Mass-Shootings\Export\\WebView.html]

***************************************************************************************************
Finished processing at [06/15/2023 16:39:08].
***************************************************************************************************
