***************************************************************************************************
Started processing at [11/14/2023 11:38:45].
***************************************************************************************************

Running script version [1.1].

***************************************************************************************************

[11/14/2023 11:38:45] Export Folder: [D:\Code\Repos\US-Mass-Shootings\Export] already exists
[11/14/2023 11:38:48] Mother Jones CSV copied to: [D:\Code\Repos\US-Mass-Shootings\Export]
[11/14/2023 11:38:48] Mother Jones CSV imported from: [D:\Code\Repos\US-Mass-Shootings\Export\Mother Jones - Mass Shootings Database 1982-2023.csv]
[11/14/2023 11:38:48] Starting column data correction loop
[11/14/2023 11:38:48] Record Update 1
[11/14/2023 11:38:48] Record Update 2
[11/14/2023 11:38:48] Record Update 3
[11/14/2023 11:38:48] Record Update 4
[11/14/2023 11:38:48] Record Update 5
[11/14/2023 11:38:48] Record Update 6
[11/14/2023 11:38:48] Record Update 7
[11/14/2023 11:38:48] Record Update 8
[11/14/2023 11:38:48] Record Update 9
[11/14/2023 11:38:48] Record Update 10
[11/14/2023 11:38:48] Record Update 11
[11/14/2023 11:38:48] Record Update 12
[11/14/2023 11:38:48] Record Update 13
[11/14/2023 11:38:48] Record Update 14
[11/14/2023 11:38:48] Record Updated 15
[11/14/2023 11:38:48] Record Updated 16
[11/14/2023 11:38:48] Record Updated 17
[11/14/2023 11:38:48] Record Updated 18
[11/14/2023 11:38:48] Record Updated 19
[11/14/2023 11:38:48] Record Updated 20
[11/14/2023 11:38:48] Record Updated 21
[11/14/2023 11:38:48] Record Updated 22
[11/14/2023 11:38:48] Record Updated 23
[11/14/2023 11:38:48] Record Updated 24
[11/14/2023 11:38:48] Record Updated 25
[11/14/2023 11:38:48] Record Updated 26
[11/14/2023 11:38:48] Record Updated 27
[11/14/2023 11:38:48] Record Updated 28
[11/14/2023 11:38:48] Record Updated 29
[11/14/2023 11:38:48] Record Updated 30
[11/14/2023 11:38:48] Record Updated 31
[11/14/2023 11:38:48] Record Updated 32
[11/14/2023 11:38:48] Record Updated 33
[11/14/2023 11:38:48] Record Updated 34
[11/14/2023 11:38:48] Record Updated 35
[11/14/2023 11:38:48] Record Updated 36
[11/14/2023 11:38:48] Record Updated 37
[11/14/2023 11:38:48] Record Updated 38
[11/14/2023 11:38:48] Record Updated 39
[11/14/2023 11:38:48] Record Updated 40
[11/14/2023 11:38:48] Record Updated 41
[11/14/2023 11:38:48] Record Updated 42
[11/14/2023 11:38:48] Record Updated 43
[11/14/2023 11:38:48] Record Updated 44
[11/14/2023 11:38:48] Record Updated 45
[11/14/2023 11:38:48] Record Updated 46
[11/14/2023 11:38:48] Record Updated 47
[11/14/2023 11:38:48] Record Updated 48
[11/14/2023 11:38:48] Record Updated 49
[11/14/2023 11:38:48] Record Updated 50
[11/14/2023 11:38:48] Record Updated 51
[11/14/2023 11:38:48] Record Updated 52
[11/14/2023 11:38:48] Record Updated 53
[11/14/2023 11:38:48] Record Updated 54
[11/14/2023 11:38:48] Record Updated 55
[11/14/2023 11:38:48] Record Updated 56
[11/14/2023 11:38:48] Record Updated 57
[11/14/2023 11:38:48] Record Updated 58
[11/14/2023 11:38:48] Record Updated 59
[11/14/2023 11:38:48] Record Updated 60
[11/14/2023 11:38:48] Record Updated 61
[11/14/2023 11:38:48] Record Updated 62
[11/14/2023 11:38:48] Record Updated 63
[11/14/2023 11:38:48] Record Updated 64
[11/14/2023 11:38:48] Record Updated 65
[11/14/2023 11:38:48] Record Updated 66
[11/14/2023 11:38:48] Record Updated 67
[11/14/2023 11:38:48] Record Updated 68
[11/14/2023 11:38:48] Record Updated 69
[11/14/2023 11:38:48] Record Updated 70
[11/14/2023 11:38:48] Record Updated 71
[11/14/2023 11:38:48] Record Updated 72
[11/14/2023 11:38:48] Record Updated 73
[11/14/2023 11:38:48] Record Updated 74
[11/14/2023 11:38:48] Record Updated 75
[11/14/2023 11:38:48] Record Updated 76
[11/14/2023 11:38:48] Record Updated 77
[11/14/2023 11:38:48] Record Updated 78
[11/14/2023 11:38:48] Record Updated 79
[11/14/2023 11:38:48] Record Updated 80
[11/14/2023 11:38:48] Record Updated 81
[11/14/2023 11:38:48] Record Updated 82
[11/14/2023 11:38:48] Record Updated 83
[11/14/2023 11:38:48] Record Updated 84
[11/14/2023 11:38:48] Record Updated 85
[11/14/2023 11:38:48] Record Updated 86
[11/14/2023 11:38:48] Record Updated 87
[11/14/2023 11:38:48] Record Updated 88
[11/14/2023 11:38:48] Record Updated 89
[11/14/2023 11:38:48] Record Updated 90
[11/14/2023 11:38:48] Record Updated 91
[11/14/2023 11:38:48] Record Updated 92
[11/14/2023 11:38:48] Record Updated 93
[11/14/2023 11:38:48] Record Updated 94
[11/14/2023 11:38:48] Record Updated 95
[11/14/2023 11:38:48] Record Updated 96
[11/14/2023 11:38:48] Record Updated 97
[11/14/2023 11:38:48] Record Updated 98
[11/14/2023 11:38:48] Record Updated 99
[11/14/2023 11:38:48] Record Updated 100
[11/14/2023 11:38:48] Record Updated 101
[11/14/2023 11:38:48] Record Updated 102
[11/14/2023 11:38:48] Record Updated 103
[11/14/2023 11:38:48] Record Updated 104
[11/14/2023 11:38:48] Record Updated 105
[11/14/2023 11:38:48] Record Updated 106
[11/14/2023 11:38:48] Record Updated 107
[11/14/2023 11:38:48] Record Updated 108
[11/14/2023 11:38:48] Record Updated 109
[11/14/2023 11:38:48] Record Updated 110
[11/14/2023 11:38:48] Record Updated 111
[11/14/2023 11:38:48] Record Updated 112
[11/14/2023 11:38:48] Record Updated 113
[11/14/2023 11:38:48] Record Updated 114
[11/14/2023 11:38:48] Record Updated 115
[11/14/2023 11:38:48] Record Updated 116
[11/14/2023 11:38:48] Record Updated 117
[11/14/2023 11:38:48] Record Updated 118
[11/14/2023 11:38:48] Record Updated 119
[11/14/2023 11:38:48] Record Updated 120
[11/14/2023 11:38:48] Record Updated 121
[11/14/2023 11:38:48] Record Updated 122
[11/14/2023 11:38:48] Record Updated 123
[11/14/2023 11:38:48] Record Updated 124
[11/14/2023 11:38:48] Record Updated 125
[11/14/2023 11:38:48] Exporting clean CH Edition dataset for data.world [D:\Code\Repos\US-Mass-Shootings\Export\Codeholics - Mass Shootings Database 1982-2023.csv]
[11/14/2023 11:38:49] SQLite DB Created [D:\Code\Repos\US-Mass-Shootings\Resources\System.Data.SQLite.dll]
[11/14/2023 11:38:49] Connected to SQLite DB [D:\Code\Repos\US-Mass-Shootings\Export\MassShooterDatabase.sqlite]
[11/14/2023 11:38:49] Importing CH Edition [D:\Code\Repos\US-Mass-Shootings\Export\Codeholics - Mass Shootings Database 1982-2023.csv]
[11/14/2023 11:38:49] Inserting CH Edition [D:\Code\Repos\US-Mass-Shootings\Export\Codeholics - Mass Shootings Database 1982-2023.csv] into SQLite DB [D:\Code\Repos\US-Mass-Shootings\Export\MassShooterDatabase.sqlite]
[11/14/2023 11:38:56] Importing MJ Edition [D:\Code\Repos\US-Mass-Shootings\Export\Mother Jones - Mass Shootings Database 1982-2023.csv]
[11/14/2023 11:38:56] Inserting MJ Edition [D:\Code\Repos\US-Mass-Shootings\Export\Mother Jones - Mass Shootings Database 1982-2023.csv] into SQLite DB [D:\Code\Repos\US-Mass-Shootings\Export\MassShooterDatabase.sqlite]
[11/14/2023 11:39:02] Exported WebView [D:\Code\Repos\US-Mass-Shootings\Export\WebView.html]

***************************************************************************************************
Finished processing at [11/14/2023 11:39:02].
***************************************************************************************************
