***************************************************************************************************
Started processing at [06/11/2023 17:37:35].
***************************************************************************************************

Running script version [1.0].

***************************************************************************************************

[06/11/2023 17:37:37] Export Folder: [D:\Code\Repos\US-Mass-Shootings\Export\] already exists
[06/11/2023 17:37:43] Mother Jones CSV copied to: [D:\Code\Repos\US-Mass-Shootings\Export\]
[06/11/2023 17:37:45] Mother Jones CSV imported from: [D:\Code\Repos\US-Mass-Shootings\Export\\Mother Jones - Mass Shootings Database 1982-2023.csv]
[06/11/2023 17:38:05] Starting column data correction loop
[06/11/2023 17:38:48] Record Updated 84
[06/11/2023 17:39:34] Record Update 1
[06/11/2023 17:39:36] Record Update 2
[06/11/2023 17:39:37] Record Update 3
[06/11/2023 17:39:38] Record Update 4
[06/11/2023 17:39:40] Record Update 5
[06/11/2023 17:39:41] Record Update 6
[06/11/2023 17:39:44] Record Update 7
[06/11/2023 17:39:49] Record Update 8
[06/11/2023 17:39:51] Record Update 9
[06/11/2023 17:39:54] Record Update 10
[06/11/2023 17:39:59] Record Update 11
[06/11/2023 17:40:02] Record Update 12
[06/11/2023 17:40:06] Record Update 13
[06/11/2023 17:40:10] Record Update 14
[06/11/2023 17:40:12] Record Updated 15
[06/11/2023 17:40:15] Record Updated 16
[06/11/2023 17:40:18] Record Updated 17
[06/11/2023 17:40:21] Record Updated 18
[06/11/2023 17:40:25] Record Updated 19
[06/11/2023 17:40:28] Record Updated 20
[06/11/2023 17:40:32] Record Updated 21
[06/11/2023 17:40:35] Record Updated 22
[06/11/2023 17:40:38] Record Updated 23
[06/11/2023 17:40:41] Record Updated 24
[06/11/2023 17:40:45] Record Updated 25
[06/11/2023 17:40:46] Record Updated 26
[06/11/2023 17:40:49] Record Updated 27
[06/11/2023 17:40:51] Record Updated 28
[06/11/2023 17:40:54] Record Updated 29
[06/11/2023 17:40:55] Record Updated 30
[06/11/2023 17:40:57] Record Updated 31
[06/11/2023 17:41:02] Record Updated 32
[06/11/2023 17:41:04] Record Updated 33
[06/11/2023 17:41:05] Record Updated 34
[06/11/2023 17:41:08] Record Updated 31
[06/11/2023 17:41:17] Record Updated 33
[06/11/2023 17:41:20] Record Updated 34
[06/11/2023 17:41:21] Record Updated 35
[06/11/2023 17:41:23] Record Updated 36
[06/11/2023 17:41:24] Record Updated 37
[06/11/2023 17:41:26] Record Updated 38
[06/11/2023 17:41:27] Record Updated 39
[06/11/2023 17:41:29] Record Updated 40
[06/11/2023 17:41:30] Record Updated 41
[06/11/2023 17:41:32] Record Updated 42
[06/11/2023 17:41:33] Record Updated 43
[06/11/2023 17:41:35] Record Updated 44
[06/11/2023 17:41:36] Record Updated 45
[06/11/2023 17:41:38] Record Updated 46
[06/11/2023 17:41:39] Record Updated 47
[06/11/2023 17:41:41] Record Updated 48
[06/11/2023 17:41:42] Record Updated 49
[06/11/2023 17:41:44] Record Updated 50
[06/11/2023 17:41:45] Record Updated 51
[06/11/2023 17:41:47] Record Updated 52
[06/11/2023 17:41:48] Record Updated 53
[06/11/2023 17:41:50] Record Updated 54
[06/11/2023 17:41:51] Record Updated 55
[06/11/2023 17:41:55] Record Updated 56
[06/11/2023 17:41:56] Record Updated 57
[06/11/2023 17:41:58] Record Updated 58
[06/11/2023 17:42:08] Record Updated 59
[06/11/2023 17:42:10] Record Updated 60
[06/11/2023 17:42:11] Record Updated 61
[06/11/2023 17:42:13] Record Updated 62
[06/11/2023 17:42:14] Record Updated 63
[06/11/2023 17:42:16] Record Updated 64
[06/11/2023 17:42:17] Record Updated 65
[06/11/2023 17:42:19] Record Updated 66
[06/11/2023 17:42:21] Record Updated 67
[06/11/2023 17:42:22] Record Updated 68
[06/11/2023 17:42:24] Record Updated 69
[06/11/2023 17:42:26] Record Updated 70
[06/11/2023 17:42:32] Record Updated 71
[06/11/2023 17:42:34] Record Updated 72
[06/11/2023 17:42:35] Record Updated 73
[06/11/2023 17:42:37] Record Updated 74
[06/11/2023 17:42:38] Record Updated 75
[06/11/2023 17:42:40] Record Updated 76
[06/11/2023 17:42:42] Record Updated 77
[06/11/2023 17:42:43] Record Updated 78
[06/11/2023 17:42:45] Record Updated 79
[06/11/2023 17:42:46] Record Updated 80
[06/11/2023 17:42:49] Record Updated 81
[06/11/2023 17:42:51] Record Updated 82
[06/11/2023 17:42:52] Record Updated 83
[06/11/2023 17:42:56] Record Updated 84
[06/11/2023 17:43:02] Exporting clean CH Edition dataset for data.world [D:\Code\Repos\US-Mass-Shootings\Export\\Codeholics - Mass Shootings Database 1982-2023.csv]
[06/11/2023 17:43:08] SQLite DB Created [D:\Code\Repos\US-Mass-Shootings\Resources\System.Data.SQLite.dll]
[06/11/2023 17:43:15] Connected to SQLite DB [D:\Code\Repos\US-Mass-Shootings\Export\\MassShooterDatabase.sqlite]
[06/11/2023 17:43:22] Importing CH Edition [D:\Code\Repos\US-Mass-Shootings\Export\\Codeholics - Mass Shootings Database 1982-2023.csv]
[06/11/2023 17:43:27] Inserting CH Edition [D:\Code\Repos\US-Mass-Shootings\Export\\Codeholics - Mass Shootings Database 1982-2023.csv] into SQLite DB [D:\Code\Repos\US-Mass-Shootings\Export\\MassShooterDatabase.sqlite]
[06/11/2023 17:43:37] Importing MJ Edition [D:\Code\Repos\US-Mass-Shootings\Export\\Mother Jones - Mass Shootings Database 1982-2023.csv]
[06/11/2023 17:43:44] Inserting MJ Edition [D:\Code\Repos\US-Mass-Shootings\Export\\Mother Jones - Mass Shootings Database 1982-2023.csv] into SQLite DB [D:\Code\Repos\US-Mass-Shootings\Export\\MassShooterDatabase.sqlite]
[06/11/2023 17:44:00] Exported WebView [D:\Code\Repos\US-Mass-Shootings\Export\\WebView.html]

***************************************************************************************************
Finished processing at [06/11/2023 17:44:01].
***************************************************************************************************
