***************************************************************************************************
Started processing at [02/02/2024 11:07:51].
***************************************************************************************************

Running script version [1.1].

***************************************************************************************************

[02/02/2024 11:07:54] Export Folder: [D:\Code\Repos\US-Mass-Shootings\Export] already exists
[02/02/2024 11:07:58] Mother Jones CSV copied to: [D:\Code\Repos\US-Mass-Shootings\Export]
[02/02/2024 11:07:59] Mother Jones CSV imported from: [D:\Code\Repos\US-Mass-Shootings\Export\Mother Jones - Mass Shootings Database 1982-2023.csv]
[02/02/2024 11:07:59] Starting column data correction loop
[02/02/2024 11:08:01] Record Update 1
[02/02/2024 11:08:04] Record Update 2
[02/02/2024 11:08:06] Record Update 3
[02/02/2024 11:08:08] Record Update 4
[02/02/2024 11:08:10] Record Update 5
[02/02/2024 11:08:12] Record Update 6
[02/02/2024 11:08:14] Record Update 7
[02/02/2024 11:08:16] Record Update 8
[02/02/2024 11:08:18] Record Update 9
[02/02/2024 11:08:21] Record Update 10
[02/02/2024 11:08:23] Record Update 11
[02/02/2024 11:08:25] Record Update 12
[02/02/2024 11:08:27] Record Update 13
[02/02/2024 11:08:29] Record Update 14
[02/02/2024 11:08:31] Record Updated 15
[02/02/2024 11:08:32] Record Updated 16
[02/02/2024 11:08:34] Record Updated 17
[02/02/2024 11:08:37] Record Updated 18
[02/02/2024 11:08:39] Record Updated 19
[02/02/2024 11:08:42] Record Updated 20
[02/02/2024 11:08:44] Record Updated 21
[02/02/2024 11:08:47] Record Updated 22
[02/02/2024 11:08:48] Record Updated 23
[02/02/2024 11:08:49] Record Updated 24
[02/02/2024 11:08:49] Record Updated 25
[02/02/2024 11:08:50] Record Updated 26
[02/02/2024 11:08:50] Record Updated 27
[02/02/2024 11:08:52] Record Updated 28
[02/02/2024 11:08:53] Record Updated 29
[02/02/2024 11:08:54] Record Updated 30
[02/02/2024 11:08:56] Record Updated 31
[02/02/2024 11:08:59] Record Updated 32
[02/02/2024 11:09:01] Record Updated 33
[02/02/2024 11:09:04] Record Updated 34
[02/02/2024 11:09:06] Record Updated 35
[02/02/2024 11:09:08] Record Updated 36
[02/02/2024 11:09:10] Record Updated 37
[02/02/2024 11:09:12] Record Updated 38
[02/02/2024 11:09:14] Record Updated 39
[02/02/2024 11:09:16] Record Updated 40
[02/02/2024 11:09:18] Record Updated 41
[02/02/2024 11:09:20] Record Updated 42
[02/02/2024 11:09:23] Record Updated 43
[02/02/2024 11:09:25] Record Updated 44
[02/02/2024 11:09:27] Record Updated 45
[02/02/2024 11:09:29] Record Updated 46
[02/02/2024 11:09:31] Record Updated 47
[02/02/2024 11:09:33] Record Updated 48
[02/02/2024 11:09:35] Record Updated 49
[02/02/2024 11:09:37] Record Updated 50
[02/02/2024 11:09:39] Record Updated 51
[02/02/2024 11:09:41] Record Updated 52
[02/02/2024 11:09:43] Record Updated 53
[02/02/2024 11:09:45] Record Updated 54
[02/02/2024 11:09:48] Record Updated 55
[02/02/2024 11:09:50] Record Updated 56
[02/02/2024 11:09:52] Record Updated 57
[02/02/2024 11:09:54] Record Updated 58
[02/02/2024 11:09:56] Record Updated 59
[02/02/2024 11:09:58] Record Updated 60
[02/02/2024 11:10:00] Record Updated 61
[02/02/2024 11:10:02] Record Updated 62
[02/02/2024 11:10:04] Record Updated 63
[02/02/2024 11:10:06] Record Updated 64
[02/02/2024 11:10:08] Record Updated 65
[02/02/2024 11:10:11] Record Updated 66
[02/02/2024 11:10:13] Record Updated 67
[02/02/2024 11:10:15] Record Updated 68
[02/02/2024 11:10:17] Record Updated 69
[02/02/2024 11:10:19] Record Updated 70
[02/02/2024 11:10:22] Record Updated 71
[02/02/2024 11:10:24] Record Updated 72
[02/02/2024 11:10:26] Record Updated 73
[02/02/2024 11:10:28] Record Updated 74
[02/02/2024 11:10:30] Record Updated 75
[02/02/2024 11:10:32] Record Updated 76
[02/02/2024 11:10:34] Record Updated 77
[02/02/2024 11:10:36] Record Updated 78
[02/02/2024 11:10:38] Record Updated 79
[02/02/2024 11:10:41] Record Updated 80
[02/02/2024 11:10:43] Record Updated 81
[02/02/2024 11:10:45] Record Updated 82
[02/02/2024 11:10:47] Record Updated 83
[02/02/2024 11:10:50] Record Updated 84
[02/02/2024 11:10:52] Record Updated 85
[02/02/2024 11:10:53] Record Updated 86
[02/02/2024 11:10:55] Record Updated 87
[02/02/2024 11:10:57] Record Updated 88
[02/02/2024 11:10:59] Record Updated 89
[02/02/2024 11:11:00] Record Updated 90
[02/02/2024 11:11:02] Record Updated 91
[02/02/2024 11:11:04] Record Updated 92
[02/02/2024 11:11:06] Record Updated 93
[02/02/2024 11:11:08] Record Updated 94
[02/02/2024 11:11:10] Record Updated 95
[02/02/2024 11:11:12] Record Updated 96
[02/02/2024 11:11:14] Record Updated 97
[02/02/2024 11:11:15] Record Updated 98
[02/02/2024 11:11:17] Record Updated 99
[02/02/2024 11:11:19] Record Updated 100
[02/02/2024 11:11:21] Record Updated 101
[02/02/2024 11:11:23] Record Updated 102
[02/02/2024 11:11:25] Record Updated 103
[02/02/2024 11:11:27] Record Updated 104
[02/02/2024 11:11:29] Record Updated 105
[02/02/2024 11:11:31] Record Updated 106
[02/02/2024 11:11:33] Record Updated 107
[02/02/2024 11:11:35] Record Updated 108
[02/02/2024 11:11:37] Record Updated 109
[02/02/2024 11:11:38] Record Updated 110
[02/02/2024 11:11:40] Record Updated 111
[02/02/2024 11:11:42] Record Updated 112
[02/02/2024 11:11:44] Record Updated 113
[02/02/2024 11:11:46] Record Updated 114
[02/02/2024 11:11:48] Record Updated 115
[02/02/2024 11:11:50] Record Updated 116
[02/02/2024 11:11:52] Record Updated 117
[02/02/2024 11:11:53] Record Updated 118
[02/02/2024 11:11:55] Record Updated 119
[02/02/2024 11:11:57] Record Updated 120
[02/02/2024 11:11:59] Record Updated 121
[02/02/2024 11:12:01] Record Updated 122
[02/02/2024 11:12:03] Record Updated 123
[02/02/2024 11:12:05] Record Updated 124
[02/02/2024 11:12:07] Record Updated 125
[02/02/2024 11:12:08] Record Updated 126
[02/02/2024 11:12:11] Exporting clean CH Edition dataset for data.world [D:\Code\Repos\US-Mass-Shootings\Export\Codeholics - Mass Shootings Database 1982-2023.csv]
[02/02/2024 11:12:12] SQLite DB Created [D:\Code\Repos\US-Mass-Shootings\Resources\System.Data.SQLite.dll]
[02/02/2024 11:12:12] Connected to SQLite DB [D:\Code\Repos\US-Mass-Shootings\Export\MassShooterDatabase.sqlite]
[02/02/2024 11:12:15] Importing CH Edition [D:\Code\Repos\US-Mass-Shootings\Export\Codeholics - Mass Shootings Database 1982-2023.csv]
[02/02/2024 11:12:15] Inserting CH Edition [D:\Code\Repos\US-Mass-Shootings\Export\Codeholics - Mass Shootings Database 1982-2023.csv] into SQLite DB [D:\Code\Repos\US-Mass-Shootings\Export\MassShooterDatabase.sqlite]
[02/02/2024 11:12:23] Importing MJ Edition [D:\Code\Repos\US-Mass-Shootings\Export\Mother Jones - Mass Shootings Database 1982-2023.csv]
[02/02/2024 11:12:24] Inserting MJ Edition [D:\Code\Repos\US-Mass-Shootings\Export\Mother Jones - Mass Shootings Database 1982-2023.csv] into SQLite DB [D:\Code\Repos\US-Mass-Shootings\Export\MassShooterDatabase.sqlite]
[02/02/2024 11:12:30] Exported WebView [D:\Code\Repos\US-Mass-Shootings\Export\WebView.html]

***************************************************************************************************
Finished processing at [02/02/2024 11:12:31].
***************************************************************************************************
