***************************************************************************************************
Started processing at [12/30/2024 15:49:00].
***************************************************************************************************

Running script version [2.0].

***************************************************************************************************

[12/30/2024 15:49:00] Export Folder: [D:\Code\Repos\US-Mass-Shootings\Export] already exists
[12/30/2024 15:49:02] Mother Jones CSV copied to: [D:\Code\Repos\US-Mass-Shootings\Export]
[12/30/2024 15:49:02] Mother Jones CSV imported from: [D:\Code\Repos\US-Mass-Shootings\Export\Mother Jones - Mass Shootings Database 1982-2024.csv]
[12/30/2024 15:49:03] Starting column data correction loop
[12/30/2024 15:49:04] Exported clean CH Edition dataset for data.world [D:\Code\Repos\US-Mass-Shootings\Export\Codeholics - Mass Shootings Database 1982-2024.csv]
[12/30/2024 15:49:04] SQLite DB Created [D:\Code\Repos\US-Mass-Shootings\Resources\System.Data.SQLite.dll]
[12/30/2024 15:49:04] Connected to SQLite DB [D:\Code\Repos\US-Mass-Shootings\Export\MassShooterDatabase.sqlite]
[12/30/2024 15:49:04] Importing CH Edition [D:\Code\Repos\US-Mass-Shootings\Export\Codeholics - Mass Shootings Database 1982-2024.csv]
[12/30/2024 15:49:04] Inserted into CH Edition DB: [Welding shop shooting : 1982-08-20]
[12/30/2024 15:49:05] Inserted into CH Edition DB: [Dallas nightclub shooting : 1984-06-29]
[12/30/2024 15:49:06] Inserted into CH Edition DB: [San Ysidro McDonald''s massacre : 1984-07-18]
[12/30/2024 15:49:07] Inserted into CH Edition DB: [United States Postal Service shooting : 1986-08-20]
[12/30/2024 15:49:09] Inserted into CH Edition DB: [Shopping centers spree killings : 1987-04-23]
[12/30/2024 15:49:10] Inserted into CH Edition DB: [ESL shooting : 1988-02-16]
[12/30/2024 15:49:11] Inserted into CH Edition DB: [Stockton schoolyard shooting : 1989-01-17]
[12/30/2024 15:49:12] Inserted into CH Edition DB: [Standard Gravure shooting : 1989-09-14]
[12/30/2024 15:49:13] Inserted into CH Edition DB: [GMAC massacre : 1990-06-18]
[12/30/2024 15:49:14] Inserted into CH Edition DB: [Luby''s massacre : 1991-10-16]
[12/30/2024 15:49:15] Inserted into CH Edition DB: [University of Iowa shooting : 1991-11-01]
[12/30/2024 15:49:16] Inserted into CH Edition DB: [Royal Oak postal shootings : 1991-11-14]
[12/30/2024 15:49:17] Inserted into CH Edition DB: [Lindhurst High School shooting : 1992-05-01]
[12/30/2024 15:49:18] Inserted into CH Edition DB: [Watkins Glen killings : 1992-10-15]
[12/30/2024 15:49:20] Inserted into CH Edition DB: [101 California Street shootings : 1993-07-01]
[12/30/2024 15:49:21] Inserted into CH Edition DB: [Luigi''s shooting : 1993-08-06]
[12/30/2024 15:49:22] Inserted into CH Edition DB: [Long Island Rail Road massacre : 1993-12-07]
[12/30/2024 15:49:23] Inserted into CH Edition DB: [Chuck E. Cheese''s killings : 1993-12-14]
[12/30/2024 15:49:24] Inserted into CH Edition DB: [Air Force base shooting : 1994-06-20]
[12/30/2024 15:49:25] Inserted into CH Edition DB: [Walter Rossler Company massacre : 1995-04-03]
[12/30/2024 15:49:26] Inserted into CH Edition DB: [Fort Lauderdale revenge shooting : 1996-02-09]
[12/30/2024 15:49:27] Inserted into CH Edition DB: [R.E. Phelon Company shooting : 1997-09-15]
[12/30/2024 15:49:28] Inserted into CH Edition DB: [Caltrans maintenance yard shooting : 1997-12-18]
[12/30/2024 15:49:29] Inserted into CH Edition DB: [Connecticut Lottery shooting : 1998-03-06]
[12/30/2024 15:49:31] Inserted into CH Edition DB: [Westside Middle School killings : 1998-03-24]
[12/30/2024 15:49:32] Inserted into CH Edition DB: [Thurston High School shooting : 1998-05-21]
[12/30/2024 15:49:33] Inserted into CH Edition DB: [Columbine High School massacre : 1999-04-20]
[12/30/2024 15:49:34] Inserted into CH Edition DB: [Atlanta day trading spree killings : 1999-07-29]
[12/30/2024 15:49:35] Inserted into CH Edition DB: [Wedgwood Baptist Church shooting : 1999-09-15]
[12/30/2024 15:49:36] Inserted into CH Edition DB: [Xerox killings : 1999-11-02]
[12/30/2024 15:49:37] Inserted into CH Edition DB: [Hotel shooting : 1999-12-30]
[12/30/2024 15:49:38] Inserted into CH Edition DB: [Wakefield massacre : 2000-12-26]
[12/30/2024 15:49:39] Inserted into CH Edition DB: [Navistar shooting : 2001-02-05]
[12/30/2024 15:49:41] Inserted into CH Edition DB: [Lockheed Martin shooting : 2003-07-08]
[12/30/2024 15:49:42] Inserted into CH Edition DB: [Damageplan show shooting : 2004-12-08]
[12/30/2024 15:49:43] Inserted into CH Edition DB: [Living Church of God shooting : 2005-03-12]
[12/30/2024 15:49:44] Inserted into CH Edition DB: [Red Lake massacre : 2005-03-21]
[12/30/2024 15:49:45] Inserted into CH Edition DB: [Goleta postal shootings : 2006-01-30]
[12/30/2024 15:49:46] Inserted into CH Edition DB: [Capitol Hill massacre : 2006-03-25]
[12/30/2024 15:49:47] Inserted into CH Edition DB: [Amish school shooting : 2006-10-02]
[12/30/2024 15:49:48] Inserted into CH Edition DB: [Trolley Square shooting : 2007-02-12]
[12/30/2024 15:49:49] Inserted into CH Edition DB: [Virginia Tech massacre : 2007-04-16]
[12/30/2024 15:49:50] Inserted into CH Edition DB: [Crandon shooting : 2007-10-07]
[12/30/2024 15:49:52] Inserted into CH Edition DB: [Westroads Mall shooting : 2007-12-05]
[12/30/2024 15:49:53] Inserted into CH Edition DB: [Kirkwood City Council shooting : 2008-02-07]
[12/30/2024 15:49:54] Inserted into CH Edition DB: [Northern Illinois University shooting : 2008-02-14]
[12/30/2024 15:49:55] Inserted into CH Edition DB: [Atlantis Plastics shooting : 2008-06-25]
[12/30/2024 15:49:56] Inserted into CH Edition DB: [Carthage nursing home shooting : 2009-03-29]
[12/30/2024 15:49:57] Inserted into CH Edition DB: [Binghamton shootings : 2009-04-03]
[12/30/2024 15:49:58] Inserted into CH Edition DB: [Fort Hood massacre : 2009-11-05]
[12/30/2024 15:49:59] Inserted into CH Edition DB: [Coffee shop police killings : 2009-11-29]
[12/30/2024 15:50:00] Inserted into CH Edition DB: [Hartford Beer Distributor shooting : 2010-08-03]
[12/30/2024 15:50:01] Inserted into CH Edition DB: [Tucson shooting : 2011-01-08]
[12/30/2024 15:50:02] Inserted into CH Edition DB: [IHOP shooting : 2011-09-06]
[12/30/2024 15:50:04] Inserted into CH Edition DB: [Seal Beach shooting : 2011-10-12]
[12/30/2024 15:50:05] Inserted into CH Edition DB: [Su Jung Health Sauna shooting : 2012-02-21]
[12/30/2024 15:50:06] Inserted into CH Edition DB: [Oikos University killings : 2012-04-02]
[12/30/2024 15:50:07] Inserted into CH Edition DB: [Seattle cafe shooting : 2012-05-20]
[12/30/2024 15:50:09] Inserted into CH Edition DB: [Aurora theater shooting : 2012-07-20]
[12/30/2024 15:50:11] Inserted into CH Edition DB: [Sikh temple shooting : 2012-08-05]
[12/30/2024 15:50:12] Inserted into CH Edition DB: [Accent Signage Systems shooting : 2012-09-27]
[12/30/2024 15:50:14] Inserted into CH Edition DB: [Sandy Hook Elementary massacre : 2012-12-14]
[12/30/2024 15:50:16] Inserted into CH Edition DB: [Mohawk Valley shootings : 2013-03-13]
[12/30/2024 15:50:18] Inserted into CH Edition DB: [Pinewood Village Apartment shooting : 2013-04-21]
[12/30/2024 15:50:19] Inserted into CH Edition DB: [Santa Monica rampage : 2013-06-07]
[12/30/2024 15:50:20] Inserted into CH Edition DB: [Hialeah apartment shooting : 2013-07-26]
[12/30/2024 15:50:22] Inserted into CH Edition DB: [Washington Navy Yard shooting : 2013-09-16]
[12/30/2024 15:50:23] Inserted into CH Edition DB: [Alturas tribal shooting : 2014-02-20]
[12/30/2024 15:50:24] Inserted into CH Edition DB: [Fort Hood shooting 2 : 2014-04-03]
[12/30/2024 15:50:25] Inserted into CH Edition DB: [Isla Vista mass murder : 2014-05-23]
[12/30/2024 15:50:26] Inserted into CH Edition DB: [Marysville-Pilchuck High School shooting : 2014-10-24]
[12/30/2024 15:50:27] Inserted into CH Edition DB: [Trestle Trail bridge shooting : 2015-06-11]
[12/30/2024 15:50:28] Inserted into CH Edition DB: [Charleston Church Shooting : 2015-06-17]
[12/30/2024 15:50:29] Inserted into CH Edition DB: [Chattanooga military recruitment center : 2015-07-16]
[12/30/2024 15:50:31] Inserted into CH Edition DB: [Umpqua Community College shooting : 2015-10-01]
[12/30/2024 15:50:32] Inserted into CH Edition DB: [Colorado Springs shooting rampage : 2015-10-31]
[12/30/2024 15:50:33] Inserted into CH Edition DB: [Planned Parenthood clinic : 2015-11-27]
[12/30/2024 15:50:34] Inserted into CH Edition DB: [San Bernardino mass shooting : 2015-12-02]
[12/30/2024 15:50:35] Inserted into CH Edition DB: [Kalamazoo shooting spree : 2016-02-20]
[12/30/2024 15:50:36] Inserted into CH Edition DB: [Excel Industries mass shooting : 2016-02-25]
[12/30/2024 15:50:37] Inserted into CH Edition DB: [Orlando nightclub massacre : 2016-06-12]
[12/30/2024 15:50:38] Inserted into CH Edition DB: [Dallas police shooting : 2016-07-07]
[12/30/2024 15:50:40] Inserted into CH Edition DB: [Baton Rouge police shooting : 2016-07-17]
[12/30/2024 15:50:41] Inserted into CH Edition DB: [Cascade Mall shooting : 2016-09-23]
[12/30/2024 15:50:42] Inserted into CH Edition DB: [Fort Lauderdale airport shooting : 2017-01-06]
[12/30/2024 15:50:43] Inserted into CH Edition DB: [Fresno downtown shooting : 2017-04-18]
[12/30/2024 15:50:44] Inserted into CH Edition DB: [Rural Ohio nursing home shooting : 2017-05-12]
[12/30/2024 15:50:45] Inserted into CH Edition DB: [Florida awning manufacturer shooting : 2017-06-05]
[12/30/2024 15:50:46] Inserted into CH Edition DB: [Pennsylvania supermarket shooting : 2017-06-07]
[12/30/2024 15:50:47] Inserted into CH Edition DB: [San Francisco UPS shooting : 2017-06-14]
[12/30/2024 15:50:48] Inserted into CH Edition DB: [Las Vegas Strip massacre : 2017-10-01]
[12/30/2024 15:50:49] Inserted into CH Edition DB: [Edgewood businees park shooting : 2017-10-18]
[12/30/2024 15:50:51] Inserted into CH Edition DB: [Walmart shooting in suburban Denver : 2017-11-01]
[12/30/2024 15:50:52] Inserted into CH Edition DB: [Texas First Baptist Church massacre : 2017-11-05]
[12/30/2024 15:50:53] Inserted into CH Edition DB: [Rancho Tehama shooting spree : 2017-11-14]
[12/30/2024 15:50:54] Inserted into CH Edition DB: [Pennsylvania carwash shooting : 2018-01-28]
[12/30/2024 15:50:55] Inserted into CH Edition DB: [Marjory Stoneman Douglas High School shooting : 2018-02-14]
[12/30/2024 15:50:56] Inserted into CH Edition DB: [Yountville veterans home shooting : 2018-03-09]
[12/30/2024 15:50:57] Inserted into CH Edition DB: [Waffle House shooting : 2018-04-22]
[12/30/2024 15:50:58] Inserted into CH Edition DB: [Santa Fe High School shooting : 2018-05-18]
[12/30/2024 15:50:59] Inserted into CH Edition DB: [Capital Gazette shooting : 2018-06-28]
[12/30/2024 15:51:00] Inserted into CH Edition DB: [Fifth Third Center shooting : 2018-09-06]
[12/30/2024 15:51:01] Inserted into CH Edition DB: [T&T Trucking shooting : 2018-09-12]
[12/30/2024 15:51:03] Inserted into CH Edition DB: [Rite Aid warehouse shooting : 2018-09-20]
[12/30/2024 15:51:04] Inserted into CH Edition DB: [Tree of Life synagogue shooting : 2018-10-27]
[12/30/2024 15:51:05] Inserted into CH Edition DB: [Thousand Oaks nightclub shooting : 2018-11-07]
[12/30/2024 15:51:06] Inserted into CH Edition DB: [Mercy Hospital shooting : 2018-11-19]
[12/30/2024 15:51:07] Inserted into CH Edition DB: [SunTrust bank shooting : 2019-01-23]
[12/30/2024 15:51:08] Inserted into CH Edition DB: [Pennsylvania hotel bar shooting : 2019-01-24]
[12/30/2024 15:51:09] Inserted into CH Edition DB: [Harry Pratt Co. warehouse shooting : 2019-02-15]
[12/30/2024 15:51:10] Inserted into CH Edition DB: [Virginia Beach municipal building shooting : 2019-05-31]
[12/30/2024 15:51:11] Inserted into CH Edition DB: [Gilroy garlic festival shooting : 2019-07-28]
[12/30/2024 15:51:13] Inserted into CH Edition DB: [El Paso Walmart mass shooting : 2019-08-03]
[12/30/2024 15:51:14] Inserted into CH Edition DB: [Dayton entertainment district shooting : 2019-08-04]
[12/30/2024 15:51:15] Inserted into CH Edition DB: [Odessa-Midland shooting spree : 2019-08-31]
[12/30/2024 15:51:16] Inserted into CH Edition DB: [Pensacola Naval base shooting : 2019-12-06]
[12/30/2024 15:51:17] Inserted into CH Edition DB: [Jersey City kosher market shooting : 2019-12-10]
[12/30/2024 15:51:18] Inserted into CH Edition DB: [Molson Coors shooting : 2020-02-26]
[12/30/2024 15:51:19] Inserted into CH Edition DB: [Springfield convenience store shooting : 2020-03-16]
[12/30/2024 15:51:20] Inserted into CH Edition DB: [Atlanta massage parlor shootings : 2021-03-16]
[12/30/2024 15:51:21] Inserted into CH Edition DB: [Boulder supermarket shooting : 2021-03-22]
[12/30/2024 15:51:22] Inserted into CH Edition DB: [Orange office complex shooting : 2021-03-31]
[12/30/2024 15:51:23] Inserted into CH Edition DB: [FedEx warehouse shooting : 2021-04-15]
[12/30/2024 15:51:25] Inserted into CH Edition DB: [San Jose VTA shooting : 2021-05-26]
[12/30/2024 15:51:26] Inserted into CH Edition DB: [Oxford High School shooting : 2021-11-30]
[12/30/2024 15:51:27] Inserted into CH Edition DB: [Sacramento County church shooting : 2022-02-28]
[12/30/2024 15:51:28] Inserted into CH Edition DB: [Buffalo supermarket massacre : 2022-05-14]
[12/30/2024 15:51:29] Inserted into CH Edition DB: [Robb Elementary School massacre : 2022-05-24]
[12/30/2024 15:51:30] Inserted into CH Edition DB: [Tulsa medical center shooting : 2022-06-01]
[12/30/2024 15:51:31] Inserted into CH Edition DB: [Concrete company shooting : 2022-06-09]
[12/30/2024 15:51:32] Inserted into CH Edition DB: [Church potluck dinner shooting : 2022-06-16]
[12/30/2024 15:51:33] Inserted into CH Edition DB: [Highland Park July 4 parade shooting : 2022-07-04]
[12/30/2024 15:51:34] Inserted into CH Edition DB: [Greenwood Park Mall shooting : 2022-07-17]
[12/30/2024 15:51:36] Inserted into CH Edition DB: [Raleigh spree shooting : 2022-10-13]
[12/30/2024 15:51:37] Inserted into CH Edition DB: [University of Virginia shooting : 2022-11-13]
[12/30/2024 15:51:38] Inserted into CH Edition DB: [LGBTQ club shooting : 2022-11-19]
[12/30/2024 15:51:39] Inserted into CH Edition DB: [Virginia Walmart shooting : 2022-11-22]
[12/30/2024 15:51:40] Inserted into CH Edition DB: [LA dance studio mass shooting : 2023-01-21]
[12/30/2024 15:51:41] Inserted into CH Edition DB: [Half Moon Bay spree shooting : 2023-01-23]
[12/30/2024 15:51:42] Inserted into CH Edition DB: [Michigan State University shooting : 2023-02-13]
[12/30/2024 15:51:43] Inserted into CH Edition DB: [Nashville Christian school shooting : 2023-03-27]
[12/30/2024 15:51:44] Inserted into CH Edition DB: [Louisville bank shooting : 2023-04-10]
[12/30/2024 15:51:46] Inserted into CH Edition DB: [Texas outlet mall shooting : 2023-05-06]
[12/30/2024 15:51:47] Inserted into CH Edition DB: [New Mexico neighborhood shooting : 2023-05-15]
[12/30/2024 15:51:48] Inserted into CH Edition DB: [Philadelphia neighborhood shooting : 2023-07-03]
[12/30/2024 15:51:49] Inserted into CH Edition DB: [Orange County biker bar shooting : 2023-08-23]
[12/30/2024 15:51:50] Inserted into CH Edition DB: [Jacksonville Dollar General store shooting : 2023-08-26]
[12/30/2024 15:51:51] Inserted into CH Edition DB: [Maine bowling alley and bar shootings : 2023-10-25]
[12/30/2024 15:51:52] Inserted into CH Edition DB: [UNLV shooting : 2023-12-06]
[12/30/2024 15:51:53] Inserted into CH Edition DB: [Arkansas grocery store shooting : 2024-06-21]
[12/30/2024 15:51:54] Inserted into CH Edition DB: [Apalachee High School shooting : 2024-09-04]
[12/30/2024 15:51:55] Imported MJ Edition [D:\Code\Repos\US-Mass-Shootings\Export\Mother Jones - Mass Shootings Database 1982-2024.csv]
[12/30/2024 15:51:55] Inserted into MJ Edition DB: [Welding shop shooting : 1982-08-20]
[12/30/2024 15:51:57] Inserted into MJ Edition DB: [Dallas nightclub shooting : 1984-06-29]
[12/30/2024 15:51:58] Inserted into MJ Edition DB: [San Ysidro McDonald''s massacre : 1984-07-18]
[12/30/2024 15:51:59] Inserted into MJ Edition DB: [United States Postal Service shooting : 1986-08-20]
[12/30/2024 15:52:00] Inserted into MJ Edition DB: [Shopping centers spree killings : 1987-04-23]
[12/30/2024 15:52:01] Inserted into MJ Edition DB: [ESL shooting : 1988-02-16]
[12/30/2024 15:52:02] Inserted into MJ Edition DB: [Stockton schoolyard shooting : 1989-01-17]
[12/30/2024 15:52:04] Inserted into MJ Edition DB: [Standard Gravure shooting : 1989-09-14]
[12/30/2024 15:52:05] Inserted into MJ Edition DB: [GMAC massacre : 1990-06-18]
[12/30/2024 15:52:06] Inserted into MJ Edition DB: [Luby''s massacre : 1991-10-16]
[12/30/2024 15:52:07] Inserted into MJ Edition DB: [University of Iowa shooting : 1991-11-01]
[12/30/2024 15:52:08] Inserted into MJ Edition DB: [Royal Oak postal shootings : 1991-11-14]
[12/30/2024 15:52:09] Inserted into MJ Edition DB: [Lindhurst High School shooting : 1992-05-01]
[12/30/2024 15:52:10] Inserted into MJ Edition DB: [Watkins Glen killings : 1992-10-15]
[12/30/2024 15:52:11] Inserted into MJ Edition DB: [101 California Street shootings : 1993-07-01]
[12/30/2024 15:52:12] Inserted into MJ Edition DB: [Luigi''s shooting : 1993-08-06]
[12/30/2024 15:52:13] Inserted into MJ Edition DB: [Long Island Rail Road massacre : 1993-12-07]
[12/30/2024 15:52:15] Inserted into MJ Edition DB: [Chuck E. Cheese''s killings : 1993-12-14]
[12/30/2024 15:52:16] Inserted into MJ Edition DB: [Air Force base shooting : 1994-06-20]
[12/30/2024 15:52:17] Inserted into MJ Edition DB: [Walter Rossler Company massacre : 1995-04-03]
[12/30/2024 15:52:18] Inserted into MJ Edition DB: [Fort Lauderdale revenge shooting : 1996-02-09]
[12/30/2024 15:52:19] Inserted into MJ Edition DB: [R.E. Phelon Company shooting : 1997-09-15]
[12/30/2024 15:52:20] Inserted into MJ Edition DB: [Caltrans maintenance yard shooting : 1997-12-18]
[12/30/2024 15:52:21] Inserted into MJ Edition DB: [Connecticut Lottery shooting : 1998-03-06]
[12/30/2024 15:52:22] Inserted into MJ Edition DB: [Westside Middle School killings : 1998-03-24]
[12/30/2024 15:52:23] Inserted into MJ Edition DB: [Thurston High School shooting : 1998-05-21]
[12/30/2024 15:52:24] Inserted into MJ Edition DB: [Columbine High School massacre : 1999-04-20]
[12/30/2024 15:52:26] Inserted into MJ Edition DB: [Atlanta day trading spree killings : 1999-07-29]
[12/30/2024 15:52:27] Inserted into MJ Edition DB: [Wedgwood Baptist Church shooting : 1999-09-15]
[12/30/2024 15:52:28] Inserted into MJ Edition DB: [Xerox killings : 1999-11-02]
[12/30/2024 15:52:29] Inserted into MJ Edition DB: [Hotel shooting : 1999-12-30]
[12/30/2024 15:52:30] Inserted into MJ Edition DB: [Wakefield massacre : 2000-12-26]
[12/30/2024 15:52:31] Inserted into MJ Edition DB: [Navistar shooting : 2001-02-05]
[12/30/2024 15:52:33] Inserted into MJ Edition DB: [Lockheed Martin shooting : 2003-07-08]
[12/30/2024 15:52:35] Inserted into MJ Edition DB: [Damageplan show shooting : 2004-12-08]
[12/30/2024 15:52:37] Inserted into MJ Edition DB: [Living Church of God shooting : 2005-03-12]
[12/30/2024 15:52:38] Inserted into MJ Edition DB: [Red Lake massacre : 2005-03-21]
[12/30/2024 15:52:40] Inserted into MJ Edition DB: [Goleta postal shootings : 2006-01-30]
[12/30/2024 15:52:42] Inserted into MJ Edition DB: [Capitol Hill massacre : 2006-03-25]
[12/30/2024 15:52:43] Inserted into MJ Edition DB: [Amish school shooting : 2006-10-02]
[12/30/2024 15:52:45] Inserted into MJ Edition DB: [Trolley Square shooting : 2007-02-12]
[12/30/2024 15:52:47] Inserted into MJ Edition DB: [Virginia Tech massacre : 2007-04-16]
[12/30/2024 15:52:48] Inserted into MJ Edition DB: [Crandon shooting : 2007-10-07]
[12/30/2024 15:52:50] Inserted into MJ Edition DB: [Westroads Mall shooting : 2007-12-05]
[12/30/2024 15:52:51] Inserted into MJ Edition DB: [Kirkwood City Council shooting : 2008-02-07]
[12/30/2024 15:52:53] Inserted into MJ Edition DB: [Northern Illinois University shooting : 2008-02-14]
[12/30/2024 15:52:54] Inserted into MJ Edition DB: [Atlantis Plastics shooting : 2008-06-25]
[12/30/2024 15:52:55] Inserted into MJ Edition DB: [Carthage nursing home shooting : 2009-03-29]
[12/30/2024 15:52:56] Inserted into MJ Edition DB: [Binghamton shootings : 2009-04-03]
[12/30/2024 15:52:58] Inserted into MJ Edition DB: [Fort Hood massacre : 2009-11-05]
[12/30/2024 15:52:59] Inserted into MJ Edition DB: [Coffee shop police killings : 2009-11-29]
[12/30/2024 15:53:00] Inserted into MJ Edition DB: [Hartford Beer Distributor shooting : 2010-08-03]
[12/30/2024 15:53:01] Inserted into MJ Edition DB: [Tucson shooting : 2011-01-08]
[12/30/2024 15:53:02] Inserted into MJ Edition DB: [IHOP shooting : 2011-09-06]
[12/30/2024 15:53:03] Inserted into MJ Edition DB: [Seal Beach shooting : 2011-10-12]
[12/30/2024 15:53:04] Inserted into MJ Edition DB: [Su Jung Health Sauna shooting : 2012-02-21]
[12/30/2024 15:53:05] Inserted into MJ Edition DB: [Oikos University killings : 2012-04-02]
[12/30/2024 15:53:06] Inserted into MJ Edition DB: [Seattle cafe shooting : 2012-05-20]
[12/30/2024 15:53:08] Inserted into MJ Edition DB: [Aurora theater shooting : 2012-07-20]
[12/30/2024 15:53:09] Inserted into MJ Edition DB: [Sikh temple shooting : 2012-08-05]
[12/30/2024 15:53:10] Inserted into MJ Edition DB: [Accent Signage Systems shooting : 2012-09-27]
[12/30/2024 15:53:11] Inserted into MJ Edition DB: [Sandy Hook Elementary massacre : 2012-12-14]
[12/30/2024 15:53:12] Inserted into MJ Edition DB: [Mohawk Valley shootings : 2013-03-13]
[12/30/2024 15:53:13] Inserted into MJ Edition DB: [Pinewood Village Apartment shooting : 2013-04-21]
[12/30/2024 15:53:14] Inserted into MJ Edition DB: [Santa Monica rampage : 2013-06-07]
[12/30/2024 15:53:15] Inserted into MJ Edition DB: [Hialeah apartment shooting : 2013-07-26]
[12/30/2024 15:53:16] Inserted into MJ Edition DB: [Washington Navy Yard shooting : 2013-09-16]
[12/30/2024 15:53:17] Inserted into MJ Edition DB: [Alturas tribal shooting : 2014-02-20]
[12/30/2024 15:53:19] Inserted into MJ Edition DB: [Fort Hood shooting 2 : 2014-04-03]
[12/30/2024 15:53:20] Inserted into MJ Edition DB: [Isla Vista mass murder : 2014-05-23]
[12/30/2024 15:53:21] Inserted into MJ Edition DB: [Marysville-Pilchuck High School shooting : 2014-10-24]
[12/30/2024 15:53:22] Inserted into MJ Edition DB: [Trestle Trail bridge shooting : 2015-06-11]
[12/30/2024 15:53:23] Inserted into MJ Edition DB: [Charleston Church Shooting : 2015-06-17]
[12/30/2024 15:53:24] Inserted into MJ Edition DB: [Chattanooga military recruitment center : 2015-07-16]
[12/30/2024 15:53:25] Inserted into MJ Edition DB: [Umpqua Community College shooting : 2015-10-01]
[12/30/2024 15:53:26] Inserted into MJ Edition DB: [Colorado Springs shooting rampage : 2015-10-31]
[12/30/2024 15:53:27] Inserted into MJ Edition DB: [Planned Parenthood clinic : 2015-11-27]
[12/30/2024 15:53:28] Inserted into MJ Edition DB: [San Bernardino mass shooting : 2015-12-02]
[12/30/2024 15:53:30] Inserted into MJ Edition DB: [Kalamazoo shooting spree : 2016-02-20]
[12/30/2024 15:53:31] Inserted into MJ Edition DB: [Excel Industries mass shooting : 2016-02-25]
[12/30/2024 15:53:32] Inserted into MJ Edition DB: [Orlando nightclub massacre : 2016-06-12]
[12/30/2024 15:53:33] Inserted into MJ Edition DB: [Dallas police shooting : 2016-07-07]
[12/30/2024 15:53:34] Inserted into MJ Edition DB: [Baton Rouge police shooting : 2016-07-17]
[12/30/2024 15:53:35] Inserted into MJ Edition DB: [Cascade Mall shooting : 2016-09-23]
[12/30/2024 15:53:37] Inserted into MJ Edition DB: [Fort Lauderdale airport shooting : 2017-01-06]
[12/30/2024 15:53:38] Inserted into MJ Edition DB: [Fresno downtown shooting : 2017-04-18]
[12/30/2024 15:53:39] Inserted into MJ Edition DB: [Rural Ohio nursing home shooting : 2017-05-12]
[12/30/2024 15:53:40] Inserted into MJ Edition DB: [Florida awning manufacturer shooting : 2017-06-05]
[12/30/2024 15:53:41] Inserted into MJ Edition DB: [Pennsylvania supermarket shooting : 2017-06-07]
[12/30/2024 15:53:42] Inserted into MJ Edition DB: [San Francisco UPS shooting : 2017-06-14]
[12/30/2024 15:53:43] Inserted into MJ Edition DB: [Las Vegas Strip massacre : 2017-10-01]
[12/30/2024 15:53:44] Inserted into MJ Edition DB: [Edgewood businees park shooting : 2017-10-18]
[12/30/2024 15:53:45] Inserted into MJ Edition DB: [Walmart shooting in suburban Denver : 2017-11-01]
[12/30/2024 15:53:46] Inserted into MJ Edition DB: [Texas First Baptist Church massacre : 2017-11-05]
[12/30/2024 15:53:48] Inserted into MJ Edition DB: [Rancho Tehama shooting spree : 2017-11-14]
[12/30/2024 15:53:49] Inserted into MJ Edition DB: [Pennsylvania carwash shooting : 2018-01-28]
[12/30/2024 15:53:50] Inserted into MJ Edition DB: [Marjory Stoneman Douglas High School shooting : 2018-02-14]
[12/30/2024 15:53:51] Inserted into MJ Edition DB: [Yountville veterans home shooting : 2018-03-09]
[12/30/2024 15:53:52] Inserted into MJ Edition DB: [Waffle House shooting : 2018-04-22]
[12/30/2024 15:53:53] Inserted into MJ Edition DB: [Santa Fe High School shooting : 2018-05-18]
[12/30/2024 15:53:54] Inserted into MJ Edition DB: [Capital Gazette shooting : 2018-06-28]
[12/30/2024 15:53:55] Inserted into MJ Edition DB: [Fifth Third Center shooting : 2018-09-06]
[12/30/2024 15:53:56] Inserted into MJ Edition DB: [T&T Trucking shooting : 2018-09-12]
[12/30/2024 15:53:57] Inserted into MJ Edition DB: [Rite Aid warehouse shooting : 2018-09-20]
[12/30/2024 15:53:59] Inserted into MJ Edition DB: [Tree of Life synagogue shooting : 2018-10-27]
[12/30/2024 15:54:00] Inserted into MJ Edition DB: [Thousand Oaks nightclub shooting : 2018-11-07]
[12/30/2024 15:54:01] Inserted into MJ Edition DB: [Mercy Hospital shooting : 2018-11-19]
[12/30/2024 15:54:02] Inserted into MJ Edition DB: [SunTrust bank shooting : 2019-01-23]
[12/30/2024 15:54:03] Inserted into MJ Edition DB: [Pennsylvania hotel bar shooting : 2019-01-24]
[12/30/2024 15:54:04] Inserted into MJ Edition DB: [Harry Pratt Co. warehouse shooting : 2019-02-15]
[12/30/2024 15:54:05] Inserted into MJ Edition DB: [Virginia Beach municipal building shooting : 2019-05-31]
[12/30/2024 15:54:06] Inserted into MJ Edition DB: [Gilroy garlic festival shooting : 2019-07-28]
[12/30/2024 15:54:07] Inserted into MJ Edition DB: [El Paso Walmart mass shooting : 2019-08-03]
[12/30/2024 15:54:08] Inserted into MJ Edition DB: [Dayton entertainment district shooting : 2019-08-04]
[12/30/2024 15:54:10] Inserted into MJ Edition DB: [Odessa-Midland shooting spree : 2019-08-31]
[12/30/2024 15:54:11] Inserted into MJ Edition DB: [Pensacola Naval base shooting : 2019-12-06]
[12/30/2024 15:54:12] Inserted into MJ Edition DB: [Jersey City kosher market shooting : 2019-12-10]
[12/30/2024 15:54:13] Inserted into MJ Edition DB: [Molson Coors shooting : 2020-02-26]
[12/30/2024 15:54:14] Inserted into MJ Edition DB: [Springfield convenience store shooting : 2020-03-16]
[12/30/2024 15:54:15] Inserted into MJ Edition DB: [Atlanta massage parlor shootings : 2021-03-16]
[12/30/2024 15:54:16] Inserted into MJ Edition DB: [Boulder supermarket shooting : 2021-03-22]
[12/30/2024 15:54:17] Inserted into MJ Edition DB: [Orange office complex shooting : 2021-03-31]
[12/30/2024 15:54:18] Inserted into MJ Edition DB: [FedEx warehouse shooting : 2021-04-15]
[12/30/2024 15:54:19] Inserted into MJ Edition DB: [San Jose VTA shooting : 2021-05-26]
[12/30/2024 15:54:21] Inserted into MJ Edition DB: [Oxford High School shooting : 2021-11-30]
[12/30/2024 15:54:22] Inserted into MJ Edition DB: [Sacramento County church shooting : 2022-02-28]
[12/30/2024 15:54:23] Inserted into MJ Edition DB: [Buffalo supermarket massacre : 2022-05-14]
[12/30/2024 15:54:24] Inserted into MJ Edition DB: [Robb Elementary School massacre : 2022-05-24]
[12/30/2024 15:54:25] Inserted into MJ Edition DB: [Tulsa medical center shooting : 2022-06-01]
[12/30/2024 15:54:26] Inserted into MJ Edition DB: [Concrete company shooting : 2022-06-09]
[12/30/2024 15:54:27] Inserted into MJ Edition DB: [Church potluck dinner shooting : 2022-06-16]
[12/30/2024 15:54:28] Inserted into MJ Edition DB: [Highland Park July 4 parade shooting : 2022-07-04]
[12/30/2024 15:54:29] Inserted into MJ Edition DB: [Greenwood Park Mall shooting : 2022-07-17]
[12/30/2024 15:54:30] Inserted into MJ Edition DB: [Raleigh spree shooting : 2022-10-13]
[12/30/2024 15:54:32] Inserted into MJ Edition DB: [University of Virginia shooting : 2022-11-13]
[12/30/2024 15:54:33] Inserted into MJ Edition DB: [LGBTQ club shooting : 2022-11-19]
[12/30/2024 15:54:34] Inserted into MJ Edition DB: [Virginia Walmart shooting : 2022-11-22]
[12/30/2024 15:54:35] Inserted into MJ Edition DB: [LA dance studio mass shooting : 2023-01-21]
[12/30/2024 15:54:36] Inserted into MJ Edition DB: [Half Moon Bay spree shooting : 2023-01-23]
[12/30/2024 15:54:37] Inserted into MJ Edition DB: [Michigan State University shooting : 2023-02-13]
[12/30/2024 15:54:38] Inserted into MJ Edition DB: [Nashville Christian school shooting : 2023-03-27]
[12/30/2024 15:54:39] Inserted into MJ Edition DB: [Louisville bank shooting : 2023-04-10]
[12/30/2024 15:54:40] Inserted into MJ Edition DB: [Texas outlet mall shooting : 2023-05-06]
[12/30/2024 15:54:41] Inserted into MJ Edition DB: [New Mexico neighborhood shooting : 2023-05-15]
[12/30/2024 15:54:43] Inserted into MJ Edition DB: [Philidelphia neighborhood shooting : 2023-07-03]
[12/30/2024 15:54:44] Inserted into MJ Edition DB: [Orange County biker bar shooting : 2023-08-23]
[12/30/2024 15:54:45] Inserted into MJ Edition DB: [Jacksonville Dollar General store shooting : 2023-08-26]
[12/30/2024 15:54:46] Inserted into MJ Edition DB: [Maine bowling alley and bar shootings : 2023-10-25]
[12/30/2024 15:54:47] Inserted into MJ Edition DB: [UNLV shooting : 2023-12-06]
[12/30/2024 15:54:48] Inserted into MJ Edition DB: [Arkansas grocery store shooting : 2024-06-21]
[12/30/2024 15:54:49] Inserted into MJ Edition DB: [Apalachee High School shooting : 2024-09-04]
[12/30/2024 15:54:50] Exported DW friendly version of CH Edition [D:\Code\Repos\US-Mass-Shootings\DataWorld\Codeholics - Mass Shootings Database 1982-2024.csv]
[12/30/2024 15:54:50] Exported WebView [D:\Code\Repos\US-Mass-Shootings\Export\WebView.html]

***************************************************************************************************
Finished processing at [12/30/2024 15:54:50].
***************************************************************************************************
